[2026-01-20 05:14:24] [INFO] - Starter medlemskabsdata validering.
[2026-01-20 05:14:27] [INFO] - Tjekker medlemskaber mod ordre kort...
[2026-01-20 05:14:27] [INFO] - Validering fuldført: 2336 ordrer tjekket, 476 medlemskaber tjekket, 673 problemer fundet.
[2026-01-20 05:22:17] [INFO] - Starter medlemskabsdata validering.
[2026-01-20 05:22:24] [INFO] - Tjekker medlemskaber mod ordre kort...
[2026-01-20 05:22:24] [INFO] - Validering fuldført: 2335 ordrer tjekket, 476 medlemskaber tjekket, 672 problemer fundet.
[2026-01-20 05:29:51] [INFO] - Starter medlemskabsdata validering.
[2026-01-20 05:29:59] [INFO] - Tjekker medlemskaber mod ordre kort...
[2026-01-20 05:29:59] [INFO] - Validering fuldført: 2335 ordrer tjekket, 476 medlemskaber tjekket, 672 problemer fundet.
[2026-01-20 05:30:11] [INFO] - Starter medlemskabsdata validering.
[2026-01-20 05:30:19] [INFO] - Tjekker medlemskaber mod ordre kort...
[2026-01-20 05:30:19] [INFO] - Validering fuldført: 2335 ordrer tjekket, 476 medlemskaber tjekket, 672 problemer fundet.
[2026-01-20 05:30:42] [INFO] - Starter medlemskabsdata validering.
[2026-01-20 05:30:51] [INFO] - Tjekker medlemskaber mod ordre kort...
[2026-01-20 05:30:51] [INFO] - Validering fuldført: 2335 ordrer tjekket, 476 medlemskaber tjekket, 672 problemer fundet.
[2026-01-20 05:32:10] [INFO] - Starter medlemskabsdata validering.
[2026-01-20 05:32:14] [INFO] - Tjekker medlemskaber mod ordre kort...
[2026-01-20 05:32:14] [INFO] - Validering fuldført: 2335 ordrer tjekket, 476 medlemskaber tjekket, 672 problemer fundet.
[2026-01-20 05:36:51] [INFO] - Starter medlemskabsdata validering.
[2026-01-20 05:36:55] [INFO] - Tjekker medlemskaber mod ordre kort...
[2026-01-20 05:36:55] [INFO] - Validering fuldført: 2334 ordrer tjekket, 476 medlemskaber tjekket, 671 problemer fundet.
[2026-01-20 05:37:36] [INFO] - Slettet ordre #33819 via batch sletning.
[2026-01-20 05:37:36] [INFO] - Slettet ordre #32610 via batch sletning.
[2026-01-20 05:37:36] [INFO] - Slettet ordre #32609 via batch sletning.
[2026-01-20 05:37:36] [INFO] - Slettet ordre #29660 via batch sletning.
[2026-01-20 05:37:36] [INFO] - Slettet ordre #28998 via batch sletning.
[2026-01-20 05:37:36] [INFO] - Slettet ordre #28905 via batch sletning.
[2026-01-20 05:37:36] [INFO] - Slettet ordre #28880 via batch sletning.
[2026-01-20 05:37:36] [INFO] - Slettet ordre #28834 via batch sletning.
[2026-01-20 05:37:36] [INFO] - Slettet ordre #28812 via batch sletning.
[2026-01-20 05:37:36] [INFO] - Slettet ordre #28794 via batch sletning.
[2026-01-20 05:37:36] [INFO] - Slettet ordre #28093 via batch sletning.
[2026-01-20 05:37:36] [INFO] - Slettet ordre #28038 via batch sletning.
[2026-01-20 05:37:36] [INFO] - Slettet ordre #28036 via batch sletning.
[2026-01-20 05:37:36] [INFO] - Slettet ordre #28030 via batch sletning.
[2026-01-20 05:37:36] [INFO] - Slettet ordre #28016 via batch sletning.
[2026-01-20 05:37:36] [INFO] - Slettet ordre #28007 via batch sletning.
[2026-01-20 05:37:36] [INFO] - Slettet ordre #28006 via batch sletning.
[2026-01-20 05:37:36] [INFO] - Slettet ordre #28005 via batch sletning.
[2026-01-20 05:37:36] [INFO] - Slettet ordre #27976 via batch sletning.
[2026-01-20 05:37:36] [INFO] - Slettet ordre #27970 via batch sletning.
[2026-01-20 05:37:36] [INFO] - Slettet ordre #27893 via batch sletning.
[2026-01-20 05:37:36] [INFO] - Slettet ordre #27820 via batch sletning.
[2026-01-20 05:37:36] [INFO] - Slettet ordre #27719 via batch sletning.
[2026-01-20 05:37:36] [INFO] - Slettet ordre #27668 via batch sletning.
[2026-01-20 05:37:36] [INFO] - Slettet ordre #27559 via batch sletning.
[2026-01-20 05:37:36] [INFO] - Slettet ordre #27348 via batch sletning.
[2026-01-20 05:37:36] [INFO] - Slettet ordre #27061 via batch sletning.
[2026-01-20 05:37:36] [INFO] - Slettet ordre #26303 via batch sletning.
[2026-01-20 05:37:36] [INFO] - Slettet ordre #26284 via batch sletning.
[2026-01-20 05:37:36] [INFO] - Slettet ordre #26251 via batch sletning.
[2026-01-20 05:37:36] [INFO] - Slettet ordre #26241 via batch sletning.
[2026-01-20 05:37:36] [INFO] - Slettet ordre #26237 via batch sletning.
[2026-01-20 05:37:36] [INFO] - Slettet ordre #26146 via batch sletning.
[2026-01-20 05:37:36] [INFO] - Slettet ordre #26142 via batch sletning.
[2026-01-20 05:37:36] [INFO] - Slettet ordre #25931 via batch sletning.
[2026-01-20 05:37:36] [INFO] - Slettet ordre #25819 via batch sletning.
[2026-01-20 05:37:36] [INFO] - Slettet ordre #25391 via batch sletning.
[2026-01-20 05:37:36] [INFO] - Slettet ordre #25384 via batch sletning.
[2026-01-20 05:37:36] [INFO] - Slettet ordre #25357 via batch sletning.
[2026-01-20 05:37:36] [INFO] - Slettet ordre #25324 via batch sletning.
[2026-01-20 05:37:36] [INFO] - Slettet ordre #25316 via batch sletning.
[2026-01-20 05:37:36] [INFO] - Slettet ordre #25310 via batch sletning.
[2026-01-20 05:37:36] [INFO] - Slettet ordre #25278 via batch sletning.
[2026-01-20 05:37:37] [INFO] - Slettet ordre #25267 via batch sletning.
[2026-01-20 05:37:37] [INFO] - Slettet ordre #25261 via batch sletning.
[2026-01-20 05:37:37] [INFO] - Slettet ordre #25231 via batch sletning.
[2026-01-20 05:37:37] [INFO] - Slettet ordre #25193 via batch sletning.
[2026-01-20 05:37:37] [INFO] - Slettet ordre #25151 via batch sletning.
[2026-01-20 05:37:37] [INFO] - Slettet ordre #25146 via batch sletning.
[2026-01-20 05:37:37] [INFO] - Slettet ordre #25132 via batch sletning.
[2026-01-20 05:37:37] [INFO] - Slettet ordre #25108 via batch sletning.
[2026-01-20 05:37:37] [INFO] - Slettet ordre #25101 via batch sletning.
[2026-01-20 05:37:37] [INFO] - Slettet ordre #25099 via batch sletning.
[2026-01-20 05:37:37] [INFO] - Slettet ordre #25095 via batch sletning.
[2026-01-20 05:37:37] [INFO] - Slettet ordre #25094 via batch sletning.
[2026-01-20 05:37:37] [INFO] - Slettet ordre #25093 via batch sletning.
[2026-01-20 05:37:37] [INFO] - Slettet ordre #25050 via batch sletning.
[2026-01-20 05:37:37] [INFO] - Slettet ordre #25038 via batch sletning.
[2026-01-20 05:37:37] [INFO] - Slettet ordre #24994 via batch sletning.
[2026-01-20 05:37:37] [INFO] - Slettet ordre #24985 via batch sletning.
[2026-01-20 05:37:37] [INFO] - Slettet ordre #24984 via batch sletning.
[2026-01-20 05:37:37] [INFO] - Slettet ordre #24983 via batch sletning.
[2026-01-20 05:37:37] [INFO] - Slettet ordre #24940 via batch sletning.
[2026-01-20 05:37:37] [INFO] - Slettet ordre #24905 via batch sletning.
[2026-01-20 05:37:37] [INFO] - Slettet ordre #24881 via batch sletning.
[2026-01-20 05:37:37] [INFO] - Slettet ordre #24850 via batch sletning.
[2026-01-20 05:37:37] [INFO] - Slettet ordre #24676 via batch sletning.
[2026-01-20 05:37:37] [INFO] - Slettet ordre #24668 via batch sletning.
[2026-01-20 05:37:37] [INFO] - Slettet ordre #24667 via batch sletning.
[2026-01-20 05:37:37] [INFO] - Slettet ordre #24664 via batch sletning.
[2026-01-20 05:37:37] [INFO] - Slettet ordre #24659 via batch sletning.
[2026-01-20 05:37:37] [INFO] - Slettet ordre #24657 via batch sletning.
[2026-01-20 05:37:37] [INFO] - Slettet ordre #24655 via batch sletning.
[2026-01-20 05:37:37] [INFO] - Slettet ordre #24654 via batch sletning.
[2026-01-20 05:37:37] [INFO] - Slettet ordre #24646 via batch sletning.
[2026-01-20 05:37:37] [INFO] - Slettet ordre #24642 via batch sletning.
[2026-01-20 05:37:37] [INFO] - Slettet ordre #24639 via batch sletning.
[2026-01-20 05:37:37] [INFO] - Slettet ordre #24551 via batch sletning.
[2026-01-20 05:37:37] [INFO] - Slettet ordre #24478 via batch sletning.
[2026-01-20 05:37:37] [INFO] - Slettet ordre #24476 via batch sletning.
[2026-01-20 05:37:37] [INFO] - Slettet ordre #24469 via batch sletning.
[2026-01-20 05:37:37] [INFO] - Slettet ordre #24468 via batch sletning.
[2026-01-20 05:37:37] [INFO] - Slettet ordre #24467 via batch sletning.
[2026-01-20 05:37:37] [INFO] - Slettet ordre #24466 via batch sletning.
[2026-01-20 05:37:37] [INFO] - Slettet ordre #24462 via batch sletning.
[2026-01-20 05:37:37] [INFO] - Slettet ordre #24461 via batch sletning.
[2026-01-20 05:37:37] [INFO] - Slettet ordre #24459 via batch sletning.
[2026-01-20 05:37:37] [INFO] - Slettet ordre #24458 via batch sletning.
[2026-01-20 05:37:37] [INFO] - Slettet ordre #24457 via batch sletning.
[2026-01-20 05:37:37] [INFO] - Slettet ordre #24456 via batch sletning.
[2026-01-20 05:37:37] [INFO] - Slettet ordre #24453 via batch sletning.
[2026-01-20 05:37:37] [INFO] - Slettet ordre #24430 via batch sletning.
[2026-01-20 05:37:37] [INFO] - Slettet ordre #24424 via batch sletning.
[2026-01-20 05:37:37] [INFO] - Slettet ordre #24415 via batch sletning.
[2026-01-20 05:37:37] [INFO] - Slettet ordre #24414 via batch sletning.
[2026-01-20 05:37:37] [INFO] - Slettet ordre #24339 via batch sletning.
[2026-01-20 05:37:37] [INFO] - Slettet ordre #24200 via batch sletning.
[2026-01-20 05:37:37] [INFO] - Slettet ordre #24162 via batch sletning.
[2026-01-20 05:37:37] [INFO] - Slettet ordre #23829 via batch sletning.
[2026-01-20 05:37:37] [INFO] - Slettet ordre #23625 via batch sletning.
[2026-01-20 05:37:37] [INFO] - Slettet ordre #23421 via batch sletning.
[2026-01-20 05:37:38] [INFO] - Slettet ordre #23330 via batch sletning.
[2026-01-20 05:37:38] [INFO] - Slettet ordre #23251 via batch sletning.
[2026-01-20 05:37:38] [INFO] - Slettet ordre #23168 via batch sletning.
[2026-01-20 05:37:38] [INFO] - Slettet ordre #23091 via batch sletning.
[2026-01-20 05:37:38] [INFO] - Slettet ordre #23031 via batch sletning.
[2026-01-20 05:37:38] [INFO] - Slettet ordre #23004 via batch sletning.
[2026-01-20 05:37:38] [INFO] - Slettet ordre #23003 via batch sletning.
[2026-01-20 05:37:38] [INFO] - Slettet ordre #22890 via batch sletning.
[2026-01-20 05:37:38] [INFO] - Slettet ordre #22888 via batch sletning.
[2026-01-20 05:37:38] [INFO] - Slettet ordre #22878 via batch sletning.
[2026-01-20 05:37:38] [INFO] - Slettet ordre #22813 via batch sletning.
[2026-01-20 05:37:38] [INFO] - Slettet ordre #22776 via batch sletning.
[2026-01-20 05:37:38] [INFO] - Slettet ordre #22750 via batch sletning.
[2026-01-20 05:37:38] [INFO] - Slettet ordre #22744 via batch sletning.
[2026-01-20 05:37:38] [INFO] - Slettet ordre #22736 via batch sletning.
[2026-01-20 05:37:38] [INFO] - Slettet ordre #22732 via batch sletning.
[2026-01-20 05:37:38] [INFO] - Slettet ordre #22731 via batch sletning.
[2026-01-20 05:37:38] [INFO] - Slettet ordre #22681 via batch sletning.
[2026-01-20 05:37:38] [INFO] - Slettet ordre #22679 via batch sletning.
[2026-01-20 05:37:38] [INFO] - Slettet ordre #22677 via batch sletning.
[2026-01-20 05:37:38] [INFO] - Slettet ordre #22676 via batch sletning.
[2026-01-20 05:37:38] [INFO] - Slettet ordre #22628 via batch sletning.
[2026-01-20 05:37:38] [INFO] - Slettet ordre #22593 via batch sletning.
[2026-01-20 05:37:38] [INFO] - Slettet ordre #22590 via batch sletning.
[2026-01-20 05:37:38] [INFO] - Slettet ordre #22589 via batch sletning.
[2026-01-20 05:37:38] [INFO] - Slettet ordre #22587 via batch sletning.
[2026-01-20 05:37:38] [INFO] - Slettet ordre #22579 via batch sletning.
[2026-01-20 05:37:38] [INFO] - Slettet ordre #22489 via batch sletning.
[2026-01-20 05:37:38] [INFO] - Slettet ordre #22454 via batch sletning.
[2026-01-20 05:37:38] [INFO] - Slettet ordre #22445 via batch sletning.
[2026-01-20 05:37:38] [INFO] - Slettet ordre #22442 via batch sletning.
[2026-01-20 05:37:38] [INFO] - Slettet ordre #22432 via batch sletning.
[2026-01-20 05:37:38] [INFO] - Slettet ordre #22431 via batch sletning.
[2026-01-20 05:37:38] [INFO] - Slettet ordre #22429 via batch sletning.
[2026-01-20 05:37:38] [INFO] - Slettet ordre #22406 via batch sletning.
[2026-01-20 05:37:38] [INFO] - Slettet ordre #22361 via batch sletning.
[2026-01-20 05:37:38] [INFO] - Slettet ordre #22359 via batch sletning.
[2026-01-20 05:37:38] [INFO] - Slettet ordre #22356 via batch sletning.
[2026-01-20 05:37:38] [INFO] - Slettet ordre #22354 via batch sletning.
[2026-01-20 05:37:38] [INFO] - Slettet ordre #22336 via batch sletning.
[2026-01-20 05:37:38] [INFO] - Slettet ordre #22324 via batch sletning.
[2026-01-20 05:37:38] [INFO] - Slettet ordre #22311 via batch sletning.
[2026-01-20 05:37:38] [INFO] - Slettet ordre #22284 via batch sletning.
[2026-01-20 05:37:38] [INFO] - Slettet ordre #22267 via batch sletning.
[2026-01-20 05:37:38] [INFO] - Slettet ordre #22265 via batch sletning.
[2026-01-20 05:37:38] [INFO] - Slettet ordre #22263 via batch sletning.
[2026-01-20 05:37:38] [INFO] - Slettet ordre #22259 via batch sletning.
[2026-01-20 05:37:38] [INFO] - Slettet ordre #22256 via batch sletning.
[2026-01-20 05:37:38] [INFO] - Slettet ordre #22253 via batch sletning.
[2026-01-20 05:37:38] [INFO] - Slettet ordre #22251 via batch sletning.
[2026-01-20 05:37:38] [INFO] - Slettet ordre #22248 via batch sletning.
[2026-01-20 05:37:38] [INFO] - Slettet ordre #22247 via batch sletning.
[2026-01-20 05:37:38] [INFO] - Slettet ordre #22246 via batch sletning.
[2026-01-20 05:37:38] [INFO] - Slettet ordre #22240 via batch sletning.
[2026-01-20 05:37:38] [INFO] - Slettet ordre #22239 via batch sletning.
[2026-01-20 05:37:38] [INFO] - Slettet ordre #22235 via batch sletning.
[2026-01-20 05:37:38] [INFO] - Slettet ordre #22233 via batch sletning.
[2026-01-20 05:37:38] [INFO] - Slettet ordre #22232 via batch sletning.
[2026-01-20 05:37:38] [INFO] - Slettet ordre #22231 via batch sletning.
[2026-01-20 05:37:39] [INFO] - Slettet ordre #22230 via batch sletning.
[2026-01-20 05:37:39] [INFO] - Slettet ordre #22228 via batch sletning.
[2026-01-20 05:37:39] [INFO] - Slettet ordre #22213 via batch sletning.
[2026-01-20 05:37:39] [INFO] - Slettet ordre #22211 via batch sletning.
[2026-01-20 05:37:39] [INFO] - Slettet ordre #22207 via batch sletning.
[2026-01-20 05:37:39] [INFO] - Slettet ordre #22197 via batch sletning.
[2026-01-20 05:37:39] [INFO] - Slettet ordre #22196 via batch sletning.
[2026-01-20 05:37:39] [INFO] - Slettet ordre #22181 via batch sletning.
[2026-01-20 05:37:39] [INFO] - Slettet ordre #22179 via batch sletning.
[2026-01-20 05:37:39] [INFO] - Slettet ordre #22173 via batch sletning.
[2026-01-20 05:37:39] [INFO] - Slettet ordre #22169 via batch sletning.
[2026-01-20 05:37:39] [INFO] - Slettet ordre #22167 via batch sletning.
[2026-01-20 05:37:39] [INFO] - Slettet ordre #22164 via batch sletning.
[2026-01-20 05:37:39] [INFO] - Slettet ordre #22162 via batch sletning.
[2026-01-20 05:37:39] [INFO] - Slettet ordre #22161 via batch sletning.
[2026-01-20 05:37:39] [INFO] - Slettet ordre #22160 via batch sletning.
[2026-01-20 05:37:39] [INFO] - Slettet ordre #22156 via batch sletning.
[2026-01-20 05:37:39] [INFO] - Slettet ordre #22155 via batch sletning.
[2026-01-20 05:37:39] [INFO] - Slettet ordre #22154 via batch sletning.
[2026-01-20 05:37:39] [INFO] - Slettet ordre #22148 via batch sletning.
[2026-01-20 05:37:39] [INFO] - Slettet ordre #22147 via batch sletning.
[2026-01-20 05:37:39] [INFO] - Slettet ordre #22120 via batch sletning.
[2026-01-20 05:37:39] [INFO] - Slettet ordre #22113 via batch sletning.
[2026-01-20 05:37:39] [INFO] - Slettet ordre #22093 via batch sletning.
[2026-01-20 05:37:39] [INFO] - Slettet ordre #22092 via batch sletning.
[2026-01-20 05:37:39] [INFO] - Slettet ordre #22085 via batch sletning.
[2026-01-20 05:37:39] [INFO] - Slettet ordre #22084 via batch sletning.
[2026-01-20 05:37:39] [INFO] - Slettet ordre #22080 via batch sletning.
[2026-01-20 05:37:39] [INFO] - Slettet ordre #22077 via batch sletning.
[2026-01-20 05:37:39] [INFO] - Slettet ordre #22074 via batch sletning.
[2026-01-20 05:37:39] [INFO] - Slettet ordre #22050 via batch sletning.
[2026-01-20 05:37:39] [INFO] - Slettet ordre #21272 via batch sletning.
[2026-01-20 05:37:39] [INFO] - Slettet ordre #21004 via batch sletning.
[2026-01-20 05:37:39] [INFO] - Slettet ordre #21003 via batch sletning.
[2026-01-20 05:37:39] [INFO] - Slettet ordre #20960 via batch sletning.
[2026-01-20 05:37:39] [INFO] - Slettet ordre #20959 via batch sletning.
[2026-01-20 05:37:39] [INFO] - Slettet ordre #20931 via batch sletning.
[2026-01-20 05:37:39] [INFO] - Slettet ordre #20929 via batch sletning.
[2026-01-20 05:37:39] [INFO] - Slettet ordre #20925 via batch sletning.
[2026-01-20 05:37:39] [INFO] - Slettet ordre #20841 via batch sletning.
[2026-01-20 05:37:39] [INFO] - Slettet ordre #20784 via batch sletning.
[2026-01-20 05:37:39] [INFO] - Slettet ordre #20765 via batch sletning.
[2026-01-20 05:37:39] [INFO] - Slettet ordre #20734 via batch sletning.
[2026-01-20 05:37:39] [INFO] - Slettet ordre #20695 via batch sletning.
[2026-01-20 05:37:39] [INFO] - Slettet ordre #20694 via batch sletning.
[2026-01-20 05:37:39] [INFO] - Slettet ordre #20644 via batch sletning.
[2026-01-20 05:37:39] [INFO] - Slettet ordre #20615 via batch sletning.
[2026-01-20 05:37:39] [INFO] - Slettet ordre #20549 via batch sletning.
[2026-01-20 05:37:39] [INFO] - Slettet ordre #20492 via batch sletning.
[2026-01-20 05:37:39] [INFO] - Slettet ordre #20485 via batch sletning.
[2026-01-20 05:37:39] [INFO] - Slettet ordre #20478 via batch sletning.
[2026-01-20 05:37:39] [INFO] - Slettet ordre #20474 via batch sletning.
[2026-01-20 05:37:39] [INFO] - Slettet ordre #20468 via batch sletning.
[2026-01-20 05:37:39] [INFO] - Slettet ordre #20414 via batch sletning.
[2026-01-20 05:37:39] [INFO] - Slettet ordre #20413 via batch sletning.
[2026-01-20 05:37:39] [INFO] - Slettet ordre #20412 via batch sletning.
[2026-01-20 05:37:39] [INFO] - Slettet ordre #20362 via batch sletning.
[2026-01-20 05:37:39] [INFO] - Slettet ordre #20359 via batch sletning.
[2026-01-20 05:37:39] [INFO] - Slettet ordre #20324 via batch sletning.
[2026-01-20 05:37:39] [INFO] - Slettet ordre #20300 via batch sletning.
[2026-01-20 05:37:40] [INFO] - Slettet ordre #20299 via batch sletning.
[2026-01-20 05:37:40] [INFO] - Slettet ordre #20296 via batch sletning.
[2026-01-20 05:37:40] [INFO] - Slettet ordre #20278 via batch sletning.
[2026-01-20 05:37:40] [INFO] - Slettet ordre #20277 via batch sletning.
[2026-01-20 05:37:40] [INFO] - Slettet ordre #20274 via batch sletning.
[2026-01-20 05:37:40] [INFO] - Slettet ordre #20273 via batch sletning.
[2026-01-20 05:37:40] [INFO] - Slettet ordre #20269 via batch sletning.
[2026-01-20 05:37:40] [INFO] - Slettet ordre #20268 via batch sletning.
[2026-01-20 05:37:40] [INFO] - Slettet ordre #20257 via batch sletning.
[2026-01-20 05:37:40] [INFO] - Slettet ordre #20174 via batch sletning.
[2026-01-20 05:37:40] [INFO] - Slettet ordre #20164 via batch sletning.
[2026-01-20 05:37:40] [INFO] - Slettet ordre #20154 via batch sletning.
[2026-01-20 05:37:40] [INFO] - Slettet ordre #20151 via batch sletning.
[2026-01-20 05:37:40] [INFO] - Slettet ordre #20148 via batch sletning.
[2026-01-20 05:37:40] [INFO] - Slettet ordre #20055 via batch sletning.
[2026-01-20 05:37:40] [INFO] - Slettet ordre #20054 via batch sletning.
[2026-01-20 05:37:40] [INFO] - Slettet ordre #20034 via batch sletning.
[2026-01-20 05:37:40] [INFO] - Slettet ordre #20029 via batch sletning.
[2026-01-20 05:37:40] [INFO] - Slettet ordre #20026 via batch sletning.
[2026-01-20 05:37:40] [INFO] - Slettet ordre #19925 via batch sletning.
[2026-01-20 05:37:40] [INFO] - Slettet ordre #19919 via batch sletning.
[2026-01-20 05:37:40] [INFO] - Slettet ordre #19805 via batch sletning.
[2026-01-20 05:37:40] [INFO] - Slettet ordre #19791 via batch sletning.
[2026-01-20 05:37:40] [INFO] - Slettet ordre #19787 via batch sletning.
[2026-01-20 05:37:40] [INFO] - Slettet ordre #19779 via batch sletning.
[2026-01-20 05:37:40] [INFO] - Slettet ordre #19775 via batch sletning.
[2026-01-20 05:37:40] [INFO] - Slettet ordre #19766 via batch sletning.
[2026-01-20 05:37:40] [INFO] - Slettet ordre #19762 via batch sletning.
[2026-01-20 05:37:40] [INFO] - Slettet ordre #19758 via batch sletning.
[2026-01-20 05:37:40] [INFO] - Slettet ordre #19744 via batch sletning.
[2026-01-20 05:37:40] [INFO] - Slettet ordre #19742 via batch sletning.
[2026-01-20 05:37:40] [INFO] - Slettet ordre #19740 via batch sletning.
[2026-01-20 05:37:40] [INFO] - Slettet ordre #19734 via batch sletning.
[2026-01-20 05:37:40] [INFO] - Slettet ordre #19732 via batch sletning.
[2026-01-20 05:37:40] [INFO] - Slettet ordre #19723 via batch sletning.
[2026-01-20 05:37:40] [INFO] - Slettet ordre #19721 via batch sletning.
[2026-01-20 05:37:40] [INFO] - Slettet ordre #19711 via batch sletning.
[2026-01-20 05:37:40] [INFO] - Slettet ordre #19692 via batch sletning.
[2026-01-20 05:37:40] [INFO] - Slettet ordre #19690 via batch sletning.
[2026-01-20 05:37:40] [INFO] - Slettet ordre #19688 via batch sletning.
[2026-01-20 05:37:40] [INFO] - Slettet ordre #19683 via batch sletning.
[2026-01-20 05:37:40] [INFO] - Slettet ordre #19677 via batch sletning.
[2026-01-20 05:37:40] [INFO] - Slettet ordre #19673 via batch sletning.
[2026-01-20 05:37:40] [INFO] - Slettet ordre #19669 via batch sletning.
[2026-01-20 05:37:40] [INFO] - Slettet ordre #19667 via batch sletning.
[2026-01-20 05:37:40] [INFO] - Slettet ordre #19665 via batch sletning.
[2026-01-20 05:37:40] [INFO] - Slettet ordre #19658 via batch sletning.
[2026-01-20 05:37:40] [INFO] - Slettet ordre #19656 via batch sletning.
[2026-01-20 05:37:40] [INFO] - Slettet ordre #19654 via batch sletning.
[2026-01-20 05:37:40] [INFO] - Slettet ordre #19652 via batch sletning.
[2026-01-20 05:37:40] [INFO] - Slettet ordre #19645 via batch sletning.
[2026-01-20 05:37:40] [INFO] - Slettet ordre #19641 via batch sletning.
[2026-01-20 05:37:40] [INFO] - Slettet ordre #19639 via batch sletning.
[2026-01-20 05:37:40] [INFO] - Slettet ordre #19637 via batch sletning.
[2026-01-20 05:37:40] [INFO] - Slettet ordre #19635 via batch sletning.
[2026-01-20 05:37:40] [INFO] - Slettet ordre #19631 via batch sletning.
[2026-01-20 05:37:40] [INFO] - Slettet ordre #19625 via batch sletning.
[2026-01-20 05:37:40] [INFO] - Slettet ordre #19604 via batch sletning.
[2026-01-20 05:37:40] [INFO] - Slettet ordre #19592 via batch sletning.
[2026-01-20 05:37:40] [INFO] - Slettet ordre #19588 via batch sletning.
[2026-01-20 05:37:41] [INFO] - Slettet ordre #19580 via batch sletning.
[2026-01-20 05:37:41] [INFO] - Slettet ordre #19576 via batch sletning.
[2026-01-20 05:37:41] [INFO] - Slettet ordre #19574 via batch sletning.
[2026-01-20 05:37:41] [INFO] - Slettet ordre #19572 via batch sletning.
[2026-01-20 05:37:41] [INFO] - Slettet ordre #19568 via batch sletning.
[2026-01-20 05:37:41] [INFO] - Slettet ordre #19566 via batch sletning.
[2026-01-20 05:37:41] [INFO] - Slettet ordre #19564 via batch sletning.
[2026-01-20 05:37:41] [INFO] - Slettet ordre #19562 via batch sletning.
[2026-01-20 05:37:41] [INFO] - Slettet ordre #19557 via batch sletning.
[2026-01-20 05:37:41] [INFO] - Slettet ordre #19548 via batch sletning.
[2026-01-20 05:37:41] [INFO] - Slettet ordre #19538 via batch sletning.
[2026-01-20 05:37:41] [INFO] - Slettet ordre #19536 via batch sletning.
[2026-01-20 05:37:41] [INFO] - Slettet ordre #19534 via batch sletning.
[2026-01-20 05:37:41] [INFO] - Slettet ordre #19530 via batch sletning.
[2026-01-20 05:37:41] [INFO] - Slettet ordre #19518 via batch sletning.
[2026-01-20 05:37:41] [INFO] - Slettet ordre #19514 via batch sletning.
[2026-01-20 05:37:41] [INFO] - Slettet ordre #19510 via batch sletning.
[2026-01-20 05:37:41] [INFO] - Slettet ordre #19508 via batch sletning.
[2026-01-20 05:37:41] [INFO] - Slettet ordre #19506 via batch sletning.
[2026-01-20 05:37:41] [INFO] - Slettet ordre #19501 via batch sletning.
[2026-01-20 05:37:41] [INFO] - Slettet ordre #19497 via batch sletning.
[2026-01-20 05:37:41] [INFO] - Slettet ordre #19492 via batch sletning.
[2026-01-20 05:37:41] [INFO] - Slettet ordre #19490 via batch sletning.
[2026-01-20 05:37:41] [INFO] - Slettet ordre #19488 via batch sletning.
[2026-01-20 05:37:41] [INFO] - Slettet ordre #19478 via batch sletning.
[2026-01-20 05:37:41] [INFO] - Slettet ordre #19476 via batch sletning.
[2026-01-20 05:37:41] [INFO] - Slettet ordre #19456 via batch sletning.
[2026-01-20 05:37:41] [INFO] - Slettet ordre #19451 via batch sletning.
[2026-01-20 05:37:41] [INFO] - Slettet ordre #19449 via batch sletning.
[2026-01-20 05:37:41] [INFO] - Slettet ordre #19445 via batch sletning.
[2026-01-20 05:37:41] [INFO] - Slettet ordre #19437 via batch sletning.
[2026-01-20 05:37:41] [INFO] - Slettet ordre #19419 via batch sletning.
[2026-01-20 05:37:41] [INFO] - Slettet ordre #19417 via batch sletning.
[2026-01-20 05:37:41] [INFO] - Slettet ordre #19415 via batch sletning.
[2026-01-20 05:37:41] [INFO] - Slettet ordre #19408 via batch sletning.
[2026-01-20 05:37:41] [INFO] - Slettet ordre #19403 via batch sletning.
[2026-01-20 05:37:41] [INFO] - Slettet ordre #19401 via batch sletning.
[2026-01-20 05:37:41] [INFO] - Slettet ordre #19399 via batch sletning.
[2026-01-20 05:37:41] [INFO] - Slettet ordre #19397 via batch sletning.
[2026-01-20 05:37:41] [INFO] - Slettet ordre #19395 via batch sletning.
[2026-01-20 05:37:41] [INFO] - Slettet ordre #19372 via batch sletning.
[2026-01-20 05:37:41] [INFO] - Slettet ordre #19367 via batch sletning.
[2026-01-20 05:37:41] [INFO] - Slettet ordre #19361 via batch sletning.
[2026-01-20 05:37:41] [INFO] - Slettet ordre #19357 via batch sletning.
[2026-01-20 05:37:41] [INFO] - Slettet ordre #19352 via batch sletning.
[2026-01-20 05:37:41] [INFO] - Slettet ordre #19348 via batch sletning.
[2026-01-20 05:37:41] [INFO] - Slettet ordre #19346 via batch sletning.
[2026-01-20 05:37:41] [INFO] - Slettet ordre #19344 via batch sletning.
[2026-01-20 05:37:41] [INFO] - Slettet ordre #19339 via batch sletning.
[2026-01-20 05:37:41] [INFO] - Slettet ordre #19337 via batch sletning.
[2026-01-20 05:37:41] [INFO] - Slettet ordre #19325 via batch sletning.
[2026-01-20 05:37:41] [INFO] - Slettet ordre #19237 via batch sletning.
[2026-01-20 05:37:41] [INFO] - Slettet ordre #19183 via batch sletning.
[2026-01-20 05:37:41] [INFO] - Slettet ordre #19008 via batch sletning.
[2026-01-20 05:37:41] [INFO] - Slettet ordre #18947 via batch sletning.
[2026-01-20 05:37:41] [INFO] - Slettet ordre #18940 via batch sletning.
[2026-01-20 05:37:41] [INFO] - Slettet ordre #18934 via batch sletning.
[2026-01-20 05:37:41] [INFO] - Slettet ordre #18891 via batch sletning.
[2026-01-20 05:37:41] [INFO] - Slettet ordre #18722 via batch sletning.
[2026-01-20 05:37:41] [INFO] - Slettet ordre #18603 via batch sletning.
[2026-01-20 05:37:41] [INFO] - Slettet ordre #18601 via batch sletning.
[2026-01-20 05:37:42] [INFO] - Slettet ordre #18599 via batch sletning.
[2026-01-20 05:37:42] [INFO] - Slettet ordre #18597 via batch sletning.
[2026-01-20 05:37:42] [INFO] - Slettet ordre #18595 via batch sletning.
[2026-01-20 05:37:42] [INFO] - Slettet ordre #18593 via batch sletning.
[2026-01-20 05:37:42] [INFO] - Slettet ordre #18591 via batch sletning.
[2026-01-20 05:37:42] [INFO] - Slettet ordre #18589 via batch sletning.
[2026-01-20 05:37:42] [INFO] - Slettet ordre #18357 via batch sletning.
[2026-01-20 05:37:42] [INFO] - Slettet ordre #18278 via batch sletning.
[2026-01-20 05:37:42] [INFO] - Slettet ordre #18114 via batch sletning.
[2026-01-20 05:37:42] [INFO] - Slettet ordre #18091 via batch sletning.
[2026-01-20 05:37:42] [INFO] - Slettet ordre #18055 via batch sletning.
[2026-01-20 05:37:42] [INFO] - Slettet ordre #17986 via batch sletning.
[2026-01-20 05:37:42] [INFO] - Slettet ordre #17983 via batch sletning.
[2026-01-20 05:37:42] [INFO] - Slettet ordre #17980 via batch sletning.
[2026-01-20 05:37:42] [INFO] - Slettet ordre #17974 via batch sletning.
[2026-01-20 05:37:42] [INFO] - Slettet ordre #17973 via batch sletning.
[2026-01-20 05:37:42] [INFO] - Slettet ordre #17972 via batch sletning.
[2026-01-20 05:37:42] [INFO] - Slettet ordre #17819 via batch sletning.
[2026-01-20 05:37:42] [INFO] - Slettet ordre #17260 via batch sletning.
[2026-01-20 05:37:42] [INFO] - Slettet ordre #17259 via batch sletning.
[2026-01-20 05:37:42] [INFO] - Slettet ordre #17253 via batch sletning.
[2026-01-20 05:37:42] [INFO] - Slettet ordre #17249 via batch sletning.
[2026-01-20 05:37:42] [INFO] - Slettet ordre #17243 via batch sletning.
[2026-01-20 05:37:42] [INFO] - Slettet ordre #17234 via batch sletning.
[2026-01-20 05:37:42] [INFO] - Slettet ordre #17225 via batch sletning.
[2026-01-20 05:37:42] [INFO] - Slettet ordre #17222 via batch sletning.
[2026-01-20 05:37:42] [INFO] - Slettet ordre #17092 via batch sletning.
[2026-01-20 05:37:42] [INFO] - Slettet ordre #17064 via batch sletning.
[2026-01-20 05:37:42] [INFO] - Slettet ordre #17060 via batch sletning.
[2026-01-20 05:37:42] [INFO] - Slettet ordre #17056 via batch sletning.
[2026-01-20 05:37:42] [INFO] - Slettet ordre #16895 via batch sletning.
[2026-01-20 05:37:42] [INFO] - Slettet ordre #16806 via batch sletning.
[2026-01-20 05:37:42] [INFO] - Slettet ordre #16767 via batch sletning.
[2026-01-20 05:37:42] [INFO] - Slettet ordre #16676 via batch sletning.
[2026-01-20 05:37:42] [INFO] - Slettet ordre #16631 via batch sletning.
[2026-01-20 05:37:42] [INFO] - Slettet ordre #16625 via batch sletning.
[2026-01-20 05:37:42] [INFO] - Slettet ordre #16616 via batch sletning.
[2026-01-20 05:37:42] [INFO] - Slettet ordre #16611 via batch sletning.
[2026-01-20 05:37:42] [INFO] - Slettet ordre #16607 via batch sletning.
[2026-01-20 05:37:42] [INFO] - Slettet ordre #16600 via batch sletning.
[2026-01-20 05:37:42] [INFO] - Slettet ordre #16576 via batch sletning.
[2026-01-20 05:37:42] [INFO] - Slettet ordre #16518 via batch sletning.
[2026-01-20 05:37:42] [INFO] - Slettet ordre #16478 via batch sletning.
[2026-01-20 05:37:42] [INFO] - Slettet ordre #16474 via batch sletning.
[2026-01-20 05:37:42] [INFO] - Slettet ordre #16470 via batch sletning.
[2026-01-20 05:37:42] [INFO] - Slettet ordre #16461 via batch sletning.
[2026-01-20 05:37:42] [INFO] - Slettet ordre #16460 via batch sletning.
[2026-01-20 05:37:42] [INFO] - Slettet ordre #16439 via batch sletning.
[2026-01-20 05:37:42] [INFO] - Slettet ordre #16435 via batch sletning.
[2026-01-20 05:37:42] [INFO] - Slettet ordre #16390 via batch sletning.
[2026-01-20 05:37:42] [INFO] - Slettet ordre #16387 via batch sletning.
[2026-01-20 05:37:42] [INFO] - Slettet ordre #16384 via batch sletning.
[2026-01-20 05:37:42] [INFO] - Slettet ordre #16381 via batch sletning.
[2026-01-20 05:37:42] [INFO] - Slettet ordre #16377 via batch sletning.
[2026-01-20 05:37:42] [INFO] - Slettet ordre #16370 via batch sletning.
[2026-01-20 05:37:42] [INFO] - Slettet ordre #16366 via batch sletning.
[2026-01-20 05:37:42] [INFO] - Slettet ordre #16362 via batch sletning.
[2026-01-20 05:37:42] [INFO] - Slettet ordre #16299 via batch sletning.
[2026-01-20 05:37:42] [INFO] - Slettet ordre #16295 via batch sletning.
[2026-01-20 05:37:42] [INFO] - Slettet ordre #16268 via batch sletning.
[2026-01-20 05:37:42] [INFO] - Slettet ordre #16238 via batch sletning.
[2026-01-20 05:37:42] [INFO] - Slettet ordre #16227 via batch sletning.
[2026-01-20 05:37:42] [INFO] - Slettet ordre #16065 via batch sletning.
[2026-01-20 05:37:42] [INFO] - Slettet ordre #16032 via batch sletning.
[2026-01-20 05:37:42] [INFO] - Slettet ordre #15935 via batch sletning.
[2026-01-20 05:37:43] [INFO] - Slettet ordre #15736 via batch sletning.
[2026-01-20 05:37:43] [INFO] - Slettet ordre #15733 via batch sletning.
[2026-01-20 05:37:43] [INFO] - Slettet ordre #15724 via batch sletning.
[2026-01-20 05:37:43] [INFO] - Slettet ordre #15642 via batch sletning.
[2026-01-20 05:37:43] [INFO] - Slettet ordre #15617 via batch sletning.
[2026-01-20 05:37:43] [INFO] - Slettet ordre #15609 via batch sletning.
[2026-01-20 05:37:43] [INFO] - Slettet ordre #15605 via batch sletning.
[2026-01-20 05:37:43] [INFO] - Slettet ordre #15601 via batch sletning.
[2026-01-20 05:37:43] [INFO] - Slettet ordre #15597 via batch sletning.
[2026-01-20 05:37:43] [INFO] - Slettet ordre #15593 via batch sletning.
[2026-01-20 05:37:43] [INFO] - Slettet ordre #15570 via batch sletning.
[2026-01-20 05:37:43] [INFO] - Slettet ordre #15568 via batch sletning.
[2026-01-20 05:37:43] [INFO] - Slettet ordre #15503 via batch sletning.
[2026-01-20 05:37:43] [INFO] - Slettet ordre #15487 via batch sletning.
[2026-01-20 05:37:43] [INFO] - Slettet ordre #15468 via batch sletning.
[2026-01-20 05:37:43] [INFO] - Slettet ordre #15465 via batch sletning.
[2026-01-20 05:37:43] [INFO] - Slettet ordre #15462 via batch sletning.
[2026-01-20 05:37:43] [INFO] - Slettet ordre #15454 via batch sletning.
[2026-01-20 05:37:43] [INFO] - Slettet ordre #15448 via batch sletning.
[2026-01-20 05:37:43] [INFO] - Slettet ordre #15444 via batch sletning.
[2026-01-20 05:37:43] [INFO] - Slettet ordre #15368 via batch sletning.
[2026-01-20 05:37:43] [INFO] - Slettet ordre #15348 via batch sletning.
[2026-01-20 05:37:43] [INFO] - Slettet ordre #15345 via batch sletning.
[2026-01-20 05:37:43] [INFO] - Slettet ordre #15306 via batch sletning.
[2026-01-20 05:37:43] [INFO] - Slettet ordre #15302 via batch sletning.
[2026-01-20 05:37:43] [INFO] - Slettet ordre #15295 via batch sletning.
[2026-01-20 05:37:43] [INFO] - Slettet ordre #15293 via batch sletning.
[2026-01-20 05:37:43] [INFO] - Slettet ordre #15289 via batch sletning.
[2026-01-20 05:37:43] [INFO] - Slettet ordre #15280 via batch sletning.
[2026-01-20 05:37:43] [INFO] - Slettet ordre #15276 via batch sletning.
[2026-01-20 05:37:43] [INFO] - Slettet ordre #15272 via batch sletning.
[2026-01-20 05:37:43] [INFO] - Slettet ordre #15262 via batch sletning.
[2026-01-20 05:37:43] [INFO] - Slettet ordre #15252 via batch sletning.
[2026-01-20 05:37:43] [INFO] - Slettet ordre #15249 via batch sletning.
[2026-01-20 05:37:43] [INFO] - Slettet ordre #15240 via batch sletning.
[2026-01-20 05:37:43] [INFO] - Slettet ordre #15237 via batch sletning.
[2026-01-20 05:37:43] [INFO] - Slettet ordre #15234 via batch sletning.
[2026-01-20 05:37:43] [INFO] - Slettet ordre #15209 via batch sletning.
[2026-01-20 05:37:43] [INFO] - Slettet ordre #15206 via batch sletning.
[2026-01-20 05:37:43] [INFO] - Slettet ordre #15168 via batch sletning.
[2026-01-20 05:37:43] [INFO] - Slettet ordre #15162 via batch sletning.
[2026-01-20 05:37:43] [INFO] - Slettet ordre #15156 via batch sletning.
[2026-01-20 05:37:43] [INFO] - Slettet ordre #15151 via batch sletning.
[2026-01-20 05:37:43] [INFO] - Slettet ordre #15149 via batch sletning.
[2026-01-20 05:37:43] [INFO] - Slettet ordre #15145 via batch sletning.
[2026-01-20 05:37:43] [INFO] - Slettet ordre #15137 via batch sletning.
[2026-01-20 05:37:43] [INFO] - Slettet ordre #15133 via batch sletning.
[2026-01-20 05:37:43] [INFO] - Slettet ordre #15131 via batch sletning.
[2026-01-20 05:37:43] [INFO] - Slettet ordre #15129 via batch sletning.
[2026-01-20 05:37:43] [INFO] - Slettet ordre #15125 via batch sletning.
[2026-01-20 05:37:43] [INFO] - Slettet ordre #15123 via batch sletning.
[2026-01-20 05:37:43] [INFO] - Slettet ordre #15121 via batch sletning.
[2026-01-20 05:37:43] [INFO] - Slettet ordre #15119 via batch sletning.
[2026-01-20 05:37:43] [INFO] - Slettet ordre #15117 via batch sletning.
[2026-01-20 05:37:43] [INFO] - Slettet ordre #15115 via batch sletning.
[2026-01-20 05:37:44] [INFO] - Slettet ordre #15113 via batch sletning.
[2026-01-20 05:37:44] [INFO] - Slettet ordre #15107 via batch sletning.
[2026-01-20 05:37:44] [INFO] - Slettet ordre #15103 via batch sletning.
[2026-01-20 05:37:44] [INFO] - Slettet ordre #15099 via batch sletning.
[2026-01-20 05:37:44] [INFO] - Slettet ordre #15097 via batch sletning.
[2026-01-20 05:37:44] [INFO] - Slettet ordre #15095 via batch sletning.
[2026-01-20 05:37:44] [INFO] - Slettet ordre #15093 via batch sletning.
[2026-01-20 05:37:44] [INFO] - Slettet ordre #15091 via batch sletning.
[2026-01-20 05:37:44] [INFO] - Slettet ordre #15085 via batch sletning.
[2026-01-20 05:37:44] [INFO] - Slettet ordre #15081 via batch sletning.
[2026-01-20 05:37:44] [INFO] - Slettet ordre #15077 via batch sletning.
[2026-01-20 05:37:44] [INFO] - Slettet ordre #15068 via batch sletning.
[2026-01-20 05:37:44] [INFO] - Slettet ordre #15065 via batch sletning.
[2026-01-20 05:37:44] [INFO] - Slettet ordre #15062 via batch sletning.
[2026-01-20 05:37:44] [INFO] - Slettet ordre #15057 via batch sletning.
[2026-01-20 05:37:44] [INFO] - Slettet ordre #15055 via batch sletning.
[2026-01-20 05:37:44] [INFO] - Slettet ordre #15049 via batch sletning.
[2026-01-20 05:37:44] [INFO] - Slettet ordre #15047 via batch sletning.
[2026-01-20 05:37:44] [INFO] - Slettet ordre #15045 via batch sletning.
[2026-01-20 05:37:44] [INFO] - Slettet ordre #15042 via batch sletning.
[2026-01-20 05:37:44] [INFO] - Slettet ordre #15039 via batch sletning.
[2026-01-20 05:37:44] [INFO] - Slettet ordre #15037 via batch sletning.
[2026-01-20 05:37:44] [INFO] - Slettet ordre #15036 via batch sletning.
[2026-01-20 05:37:44] [INFO] - Slettet ordre #15033 via batch sletning.
[2026-01-20 05:37:44] [INFO] - Slettet ordre #15024 via batch sletning.
[2026-01-20 05:37:44] [INFO] - Slettet ordre #15015 via batch sletning.
[2026-01-20 05:37:44] [INFO] - Slettet ordre #15012 via batch sletning.
[2026-01-20 05:37:44] [INFO] - Slettet ordre #15003 via batch sletning.
[2026-01-20 05:37:44] [INFO] - Slettet ordre #14995 via batch sletning.
[2026-01-20 05:37:44] [INFO] - Slettet ordre #14989 via batch sletning.
[2026-01-20 05:37:44] [INFO] - Slettet ordre #14986 via batch sletning.
[2026-01-20 05:37:44] [INFO] - Slettet ordre #14974 via batch sletning.
[2026-01-20 05:37:44] [INFO] - Slettet ordre #14971 via batch sletning.
[2026-01-20 05:37:44] [INFO] - Slettet ordre #14957 via batch sletning.
[2026-01-20 05:37:44] [INFO] - Slettet ordre #14939 via batch sletning.
[2026-01-20 05:37:44] [INFO] - Slettet ordre #14936 via batch sletning.
[2026-01-20 05:37:44] [INFO] - Slettet ordre #14930 via batch sletning.
[2026-01-20 05:37:44] [INFO] - Slettet ordre #14924 via batch sletning.
[2026-01-20 05:37:44] [INFO] - Slettet ordre #14903 via batch sletning.
[2026-01-20 05:37:44] [INFO] - Slettet ordre #14900 via batch sletning.
[2026-01-20 05:37:44] [INFO] - Slettet ordre #14897 via batch sletning.
[2026-01-20 05:37:44] [INFO] - Slettet ordre #14891 via batch sletning.
[2026-01-20 05:37:44] [INFO] - Slettet ordre #14888 via batch sletning.
[2026-01-20 05:37:44] [INFO] - Slettet ordre #14882 via batch sletning.
[2026-01-20 05:37:44] [INFO] - Slettet ordre #14879 via batch sletning.
[2026-01-20 05:37:44] [INFO] - Slettet ordre #14876 via batch sletning.
[2026-01-20 05:37:44] [INFO] - Slettet ordre #14873 via batch sletning.
[2026-01-20 05:37:44] [INFO] - Slettet ordre #14870 via batch sletning.
[2026-01-20 05:37:44] [INFO] - Slettet ordre #14867 via batch sletning.
[2026-01-20 05:37:44] [INFO] - Slettet ordre #14863 via batch sletning.
[2026-01-20 05:37:44] [INFO] - Slettet ordre #14834 via batch sletning.
[2026-01-20 05:37:44] [INFO] - Slettet ordre #14831 via batch sletning.
[2026-01-20 05:37:44] [INFO] - Slettet ordre #14828 via batch sletning.
[2026-01-20 05:37:44] [INFO] - Slettet ordre #14820 via batch sletning.
[2026-01-20 05:37:45] [INFO] - Slettet ordre #14815 via batch sletning.
[2026-01-20 05:37:45] [INFO] - Slettet ordre #14800 via batch sletning.
[2026-01-20 05:37:45] [INFO] - Slettet ordre #14794 via batch sletning.
[2026-01-20 05:37:45] [INFO] - Slettet ordre #14791 via batch sletning.
[2026-01-20 05:37:45] [INFO] - Slettet ordre #14788 via batch sletning.
[2026-01-20 05:37:45] [INFO] - Slettet ordre #14783 via batch sletning.
[2026-01-20 05:37:45] [INFO] - Slettet ordre #14780 via batch sletning.
[2026-01-20 05:37:45] [INFO] - Slettet ordre #14777 via batch sletning.
[2026-01-20 05:37:45] [INFO] - Slettet ordre #14761 via batch sletning.
[2026-01-20 05:37:45] [INFO] - Slettet ordre #14755 via batch sletning.
[2026-01-20 05:37:45] [INFO] - Slettet ordre #14751 via batch sletning.
[2026-01-20 05:37:45] [INFO] - Slettet ordre #14747 via batch sletning.
[2026-01-20 05:37:45] [INFO] - Slettet ordre #14743 via batch sletning.
[2026-01-20 05:37:45] [INFO] - Slettet ordre #14740 via batch sletning.
[2026-01-20 05:37:45] [INFO] - Slettet ordre #14733 via batch sletning.
[2026-01-20 05:37:45] [INFO] - Slettet ordre #14729 via batch sletning.
[2026-01-20 05:37:45] [INFO] - Slettet ordre #14725 via batch sletning.
[2026-01-20 05:37:45] [INFO] - Slettet ordre #14720 via batch sletning.
[2026-01-20 05:37:45] [INFO] - Slettet ordre #14694 via batch sletning.
[2026-01-20 05:37:45] [INFO] - Slettet ordre #14689 via batch sletning.
[2026-01-20 05:37:45] [INFO] - Slettet ordre #14685 via batch sletning.
[2026-01-20 05:37:45] [INFO] - Slettet ordre #14682 via batch sletning.
[2026-01-20 05:37:45] [INFO] - Slettet ordre #14674 via batch sletning.
[2026-01-20 05:37:45] [INFO] - Slettet ordre #14667 via batch sletning.
[2026-01-20 05:37:45] [INFO] - Slettet ordre #14662 via batch sletning.
[2026-01-20 05:37:45] [INFO] - Slettet ordre #14658 via batch sletning.
[2026-01-20 05:37:45] [INFO] - Slettet ordre #14654 via batch sletning.
[2026-01-20 05:37:45] [INFO] - Slettet ordre #14652 via batch sletning.
[2026-01-20 05:37:45] [INFO] - Slettet ordre #14650 via batch sletning.
[2026-01-20 05:37:45] [INFO] - Slettet ordre #14646 via batch sletning.
[2026-01-20 05:37:45] [INFO] - Slettet ordre #14642 via batch sletning.
[2026-01-20 05:37:45] [INFO] - Slettet ordre #14634 via batch sletning.
[2026-01-20 05:37:45] [INFO] - Slettet ordre #14630 via batch sletning.
[2026-01-20 05:37:45] [INFO] - Slettet ordre #14626 via batch sletning.
[2026-01-20 05:37:45] [INFO] - Slettet ordre #14619 via batch sletning.
[2026-01-20 05:37:45] [INFO] - Slettet ordre #14610 via batch sletning.
[2026-01-20 05:37:45] [INFO] - Slettet ordre #14606 via batch sletning.
[2026-01-20 05:37:45] [INFO] - Slettet ordre #14602 via batch sletning.
[2026-01-20 05:37:45] [INFO] - Slettet ordre #14598 via batch sletning.
[2026-01-20 05:37:45] [INFO] - Slettet ordre #14594 via batch sletning.
[2026-01-20 05:37:45] [INFO] - Slettet ordre #14592 via batch sletning.
[2026-01-20 05:37:45] [INFO] - Slettet ordre #14587 via batch sletning.
[2026-01-20 05:37:45] [INFO] - Slettet ordre #14579 via batch sletning.
[2026-01-20 05:37:45] [INFO] - Slettet ordre #14575 via batch sletning.
[2026-01-20 05:37:45] [INFO] - Slettet ordre #14573 via batch sletning.
[2026-01-20 05:37:45] [INFO] - Slettet ordre #14569 via batch sletning.
[2026-01-20 05:37:45] [INFO] - Slettet ordre #14561 via batch sletning.
[2026-01-20 05:37:45] [INFO] - Slettet ordre #14557 via batch sletning.
[2026-01-20 05:37:45] [INFO] - Slettet ordre #14553 via batch sletning.
[2026-01-20 05:37:45] [INFO] - Slettet ordre #14549 via batch sletning.
[2026-01-20 05:37:45] [INFO] - Slettet ordre #14540 via batch sletning.
[2026-01-20 05:37:45] [INFO] - Slettet ordre #14502 via batch sletning.
[2026-01-20 05:37:45] [INFO] - Slettet ordre #13962 via batch sletning.
[2026-01-20 05:37:45] [INFO] - Slettet ordre #13895 via batch sletning.
[2026-01-20 05:37:45] [INFO] - Slettet ordre #13806 via batch sletning.
[2026-01-20 05:37:45] [INFO] - Slettet ordre #13762 via batch sletning.
[2026-01-20 05:37:45] [INFO] - Slettet ordre #13661 via batch sletning.
[2026-01-20 05:37:46] [INFO] - Slettet ordre #12883 via batch sletning.
[2026-01-20 05:37:46] [INFO] - Slettet ordre #12737 via batch sletning.
[2026-01-20 05:37:48] [INFO] - Slettet ordre #12734 via batch sletning.
[2026-01-20 05:37:48] [INFO] - Slettet ordre #12687 via batch sletning.
[2026-01-20 05:37:48] [INFO] - Slettet ordre #12618 via batch sletning.
[2026-01-20 05:37:48] [INFO] - Slettet ordre #12615 via batch sletning.
[2026-01-20 05:37:48] [INFO] - Slettet ordre #12612 via batch sletning.
[2026-01-20 05:37:48] [INFO] - Slettet ordre #12609 via batch sletning.
[2026-01-20 05:37:48] [INFO] - Slettet ordre #12605 via batch sletning.
[2026-01-20 05:37:48] [INFO] - Slettet ordre #12602 via batch sletning.
[2026-01-20 05:37:48] [INFO] - Slettet ordre #12599 via batch sletning.
[2026-01-20 05:37:48] [INFO] - Slettet ordre #12596 via batch sletning.
[2026-01-20 05:37:48] [INFO] - Slettet ordre #12572 via batch sletning.
[2026-01-20 05:37:48] [INFO] - Slettet ordre #12486 via batch sletning.
[2026-01-20 05:37:48] [INFO] - Slettet ordre #12241 via batch sletning.
[2026-01-20 05:37:48] [INFO] - Slettet ordre #12235 via batch sletning.
[2026-01-20 05:37:48] [INFO] - Slettet ordre #12181 via batch sletning.
[2026-01-20 05:37:48] [INFO] - Slettet ordre #12034 via batch sletning.
[2026-01-20 05:37:48] [INFO] - Slettet ordre #11988 via batch sletning.
[2026-01-20 05:37:48] [INFO] - Slettet ordre #11906 via batch sletning.
[2026-01-20 05:37:48] [INFO] - Slettet ordre #11887 via batch sletning.
[2026-01-20 05:37:48] [INFO] - Slettet ordre #11882 via batch sletning.
[2026-01-20 05:37:48] [INFO] - Slettet ordre #11763 via batch sletning.
[2026-01-20 05:37:48] [INFO] - Slettet ordre #11704 via batch sletning.
[2026-01-20 05:37:48] [INFO] - Slettet ordre #11701 via batch sletning.
[2026-01-20 05:37:48] [INFO] - Slettet ordre #11692 via batch sletning.
[2026-01-20 05:37:49] [INFO] - Slettet ordre #11688 via batch sletning.
[2026-01-20 05:37:49] [INFO] - Slettet ordre #11685 via batch sletning.
[2026-01-20 05:37:49] [INFO] - Slettet ordre #11682 via batch sletning.
[2026-01-20 05:37:49] [INFO] - Slettet ordre #11679 via batch sletning.
[2026-01-20 05:37:49] [INFO] - Slettet ordre #11676 via batch sletning.
[2026-01-20 05:37:49] [INFO] - Slettet ordre #11673 via batch sletning.
[2026-01-20 05:37:49] [INFO] - Slettet ordre #11670 via batch sletning.
[2026-01-20 05:37:49] [INFO] - Slettet ordre #11667 via batch sletning.
[2026-01-20 05:37:49] [INFO] - Slettet ordre #11659 via batch sletning.
[2026-01-20 05:37:49] [INFO] - Slettet ordre #11656 via batch sletning.
[2026-01-20 05:37:49] [INFO] - Slettet ordre #11655 via batch sletning.
[2026-01-20 05:37:49] [INFO] - Slettet ordre #11654 via batch sletning.
[2026-01-20 05:37:49] [INFO] - Slettet ordre #11647 via batch sletning.
[2026-01-20 05:37:49] [INFO] - Slettet ordre #11641 via batch sletning.
[2026-01-20 05:37:49] [INFO] - Slettet ordre #11627 via batch sletning.
[2026-01-20 05:37:49] [INFO] - Slettet ordre #11624 via batch sletning.
[2026-01-20 05:37:49] [INFO] - Slettet ordre #11621 via batch sletning.
[2026-01-20 05:37:49] [INFO] - Slettet ordre #11620 via batch sletning.
[2026-01-20 05:37:49] [INFO] - Slettet ordre #11617 via batch sletning.
[2026-01-20 05:37:49] [INFO] - Slettet ordre #11614 via batch sletning.
[2026-01-20 05:37:49] [INFO] - Slettet ordre #11611 via batch sletning.
[2026-01-20 05:37:49] [INFO] - Slettet ordre #11563 via batch sletning.
[2026-01-20 05:37:49] [INFO] - Slettet ordre #11558 via batch sletning.
[2026-01-20 05:37:49] [INFO] - Slettet ordre #11552 via batch sletning.
[2026-01-20 05:37:49] [INFO] - Slettet ordre #11549 via batch sletning.
[2026-01-20 05:37:49] [INFO] - Slettet ordre #11546 via batch sletning.
[2026-01-20 05:37:49] [INFO] - Slettet ordre #11543 via batch sletning.
[2026-01-20 05:37:49] [INFO] - Slettet ordre #11540 via batch sletning.
[2026-01-20 05:37:49] [INFO] - Slettet ordre #11534 via batch sletning.
[2026-01-20 05:37:49] [INFO] - Slettet ordre #11532 via batch sletning.
[2026-01-20 05:37:49] [INFO] - Slettet ordre #11529 via batch sletning.
[2026-01-20 05:37:49] [INFO] - Slettet ordre #11521 via batch sletning.
[2026-01-20 05:37:49] [INFO] - Slettet ordre #11511 via batch sletning.
[2026-01-20 05:37:49] [INFO] - Slettet ordre #11508 via batch sletning.
[2026-01-20 05:37:49] [INFO] - Slettet ordre #11468 via batch sletning.
[2026-01-20 05:37:49] [INFO] - Slettet ordre #11467 via batch sletning.
[2026-01-20 05:37:49] [INFO] - Slettet ordre #11464 via batch sletning.
[2026-01-20 05:37:49] [INFO] - Slettet ordre #11460 via batch sletning.
[2026-01-20 05:37:49] [INFO] - Slettet ordre #11448 via batch sletning.
[2026-01-20 05:37:49] [INFO] - Slettet ordre #11428 via batch sletning.
[2026-01-20 05:37:49] [INFO] - Slettet ordre #11398 via batch sletning.
[2026-01-20 05:37:49] [INFO] - Slettet ordre #11370 via batch sletning.
[2026-01-20 05:37:49] [INFO] - Slettet ordre #11361 via batch sletning.
[2026-01-20 05:37:49] [INFO] - Slettet ordre #11356 via batch sletning.
[2026-01-20 05:37:49] [INFO] - Slettet ordre #11352 via batch sletning.
[2026-01-20 05:37:49] [INFO] - Slettet ordre #11261 via batch sletning.
[2026-01-20 05:37:49] [INFO] - Slettet ordre #11246 via batch sletning.
[2026-01-20 05:37:49] [INFO] - Slettet ordre #11243 via batch sletning.
[2026-01-20 05:37:49] [INFO] - Slettet ordre #11217 via batch sletning.
[2026-01-20 05:37:49] [INFO] - Slettet ordre #11182 via batch sletning.
[2026-01-20 05:37:49] [INFO] - Slettet ordre #11179 via batch sletning.
[2026-01-20 05:37:49] [INFO] - Slettet ordre #11153 via batch sletning.
[2026-01-20 05:37:49] [INFO] - Slettet ordre #11150 via batch sletning.
[2026-01-20 05:37:49] [INFO] - Slettet ordre #11123 via batch sletning.
[2026-01-20 05:37:50] [INFO] - Slettet ordre #11113 via batch sletning.
[2026-01-20 05:37:50] [INFO] - Slettet ordre #11100 via batch sletning.
[2026-01-20 05:37:50] [INFO] - Slettet ordre #11087 via batch sletning.
[2026-01-20 05:37:50] [INFO] - Slettet ordre #11048 via batch sletning.
[2026-01-20 05:37:50] [INFO] - Slettet ordre #11033 via batch sletning.
[2026-01-20 05:37:50] [INFO] - Slettet ordre #11030 via batch sletning.
[2026-01-20 05:37:50] [INFO] - Slettet ordre #11029 via batch sletning.
[2026-01-20 05:37:50] [INFO] - Slettet ordre #11026 via batch sletning.
[2026-01-20 05:37:50] [INFO] - Slettet ordre #11025 via batch sletning.
[2026-01-20 05:37:50] [INFO] - Slettet ordre #11022 via batch sletning.
[2026-01-20 05:37:50] [INFO] - Slettet ordre #11010 via batch sletning.
[2026-01-20 05:37:50] [INFO] - Slettet ordre #11004 via batch sletning.
[2026-01-20 05:37:56] [INFO] - Starter medlemskabsdata validering.
[2026-01-20 05:38:00] [INFO] - Tjekker medlemskaber mod ordre kort...
[2026-01-20 05:38:00] [INFO] - Validering fuldført: 1669 ordrer tjekket, 476 medlemskaber tjekket, 7 problemer fundet.
